<?xml version="1.0" encoding="UTF-8" ?>
<testsuites name="vitest tests" tests="5" failures="0" errors="0" time="0.038117747">
    <testsuite name="packages/astro-iconify-svgmap/src/index.test.ts" timestamp="2025-08-04T22:56:01.358Z" hostname="pkrvmjbmru5nbw0" tests="1" failures="0" errors="0" skipped="0" time="0.003944493">
        <testcase classname="packages/astro-iconify-svgmap/src/index.test.ts" name="astro iconify svgmap &gt; runs" time="0.002068192">
        </testcase>
    </testsuite>
    <testsuite name="packages/example/src/index.test.ts" timestamp="2025-08-04T22:56:01.358Z" hostname="pkrvmjbmru5nbw0" tests="1" failures="0" errors="0" skipped="0" time="0.006812951">
        <testcase classname="packages/example/src/index.test.ts" name="cli index &gt; should handle main" time="0.005064972">
            <system-out>
successfully downloaded template to ./example



please run (npm|yarn|pnpm|bun) install command to finish installation

            </system-out>
        </testcase>
    </testsuite>
    <testsuite name="packages/remark-asciinema/src/asciinema.test.ts" timestamp="2025-08-04T22:56:01.359Z" hostname="pkrvmjbmru5nbw0" tests="3" failures="0" errors="0" skipped="0" time="0.027360303">
        <testcase classname="packages/remark-asciinema/src/asciinema.test.ts" name="remark asciinema &gt; should replace link with embed script when no options are provided" time="0.015452642">
        </testcase>
        <testcase classname="packages/remark-asciinema/src/asciinema.test.ts" name="remark asciinema &gt; should replace link with embed script" time="0.004901114">
        </testcase>
        <testcase classname="packages/remark-asciinema/src/asciinema.test.ts" name="remark asciinema &gt; should replace link with image" time="0.00490453">
        </testcase>
    </testsuite>
</testsuites>
